{
  "stats": {
    "suites": 1,
    "tests": 3,
    "passes": 3,
    "pending": 0,
    "failures": 0,
    "start": "2026-06-22T00:20:55.925Z",
    "end": "2026-06-22T00:20:55.929Z",
    "duration": 4,
    "testsRegistered": 3,
    "passPercent": 100,
    "pendingPercent": 0,
    "other": 0,
    "hasOther": false,
    "skipped": 0,
    "hasSkipped": false
  },
  "results": [
    {
      "uuid": "f79beb05-87e6-4d8b-bde7-26a395c1b64f",
      "title": "",
      "fullFile": "C:\\QA\\Programacaoparatestdesoftware\\test\\gestaoDePagamentos.test.js",
      "file": "\\test\\gestaoDePagamentos.test.js",
      "beforeHooks": [],
      "afterHooks": [],
      "tests": [],
      "suites": [
        {
          "uuid": "44d4f366-d461-40d2-b836-13f8e4de5e33",
          "title": "Testes de gestao de Pagamentos",
          "fullFile": "C:\\QA\\Programacaoparatestdesoftware\\test\\gestaoDePagamentos.test.js",
          "file": "\\test\\gestaoDePagamentos.test.js",
          "beforeHooks": [],
          "afterHooks": [],
          "tests": [
            {
              "title": "Validar que o pagamento recebe a categoria cara quando o valor é  1100",
              "fullTitle": "Testes de gestao de Pagamentos Validar que o pagamento recebe a categoria cara quando o valor é  1100",
              "timedOut": false,
              "duration": 0,
              "state": "passed",
              "speed": "fast",
              "pass": true,
              "fail": false,
              "pending": false,
              "context": null,
              "code": "// Arrange\n    const categoriaEsperada = 'cara';\n    // Act\n    const pagamentoRetornado = pagar(\n        'Codigo01',\n        'empresa 01',\n        1100\n    );\n    // Assert\n    assert.equal(pagamentoRetornado.categoria,categoriaEsperada);",
              "err": {},
              "uuid": "2450810f-c4a9-4580-8273-d69cc0fa8078",
              "parentUUID": "44d4f366-d461-40d2-b836-13f8e4de5e33",
              "isHook": false,
              "skipped": false
            },
            {
              "title": "Validar que o pagamento recebe a categoria padrao quando o valor do pagamento eh 80",
              "fullTitle": "Testes de gestao de Pagamentos Validar que o pagamento recebe a categoria padrao quando o valor do pagamento eh 80",
              "timedOut": false,
              "duration": 0,
              "state": "passed",
              "speed": "fast",
              "pass": true,
              "fail": false,
              "pending": false,
              "context": null,
              "code": "// Arrange\n    const categoriaEsperada = 'padrão';\n    // Act\n    const pagamentoRetornado = pagar(\n        'Codigo02',\n        'empresa 02',\n        80\n    );\n    // Assert\n    assert.equal(pagamentoRetornado.categoria,categoriaEsperada);",
              "err": {},
              "uuid": "1ae31b51-211f-4bb3-9980-b48a07c3e676",
              "parentUUID": "44d4f366-d461-40d2-b836-13f8e4de5e33",
              "isHook": false,
              "skipped": false
            },
            {
              "title": "Deve retornar o último pagamento realizado",
              "fullTitle": "Testes de gestao de Pagamentos Deve retornar o último pagamento realizado",
              "timedOut": false,
              "duration": 0,
              "state": "passed",
              "speed": "fast",
              "pass": true,
              "fail": false,
              "pending": false,
              "context": null,
              "code": "// Arrange\n        pagar('Codigo03', 'Empresa 3', 200);\n        // Act\n        const ultimoPagamento = consultarUltimoPagamento();\n        // Assert\n        assert.deepEqual(\n            ultimoPagamento,\n            {\n                codigoBarras: 'Codigo03',\n                empresa: 'Empresa 3',\n                valor: 200,\n                categoria: 'cara'\n            }\n        );",
              "err": {},
              "uuid": "a3063df3-2a55-4018-a8c7-294a9b146793",
              "parentUUID": "44d4f366-d461-40d2-b836-13f8e4de5e33",
              "isHook": false,
              "skipped": false
            }
          ],
          "suites": [],
          "passes": [
            "2450810f-c4a9-4580-8273-d69cc0fa8078",
            "1ae31b51-211f-4bb3-9980-b48a07c3e676",
            "a3063df3-2a55-4018-a8c7-294a9b146793"
          ],
          "failures": [],
          "pending": [],
          "skipped": [],
          "duration": 0,
          "root": false,
          "rootEmpty": false,
          "_timeout": 2000
        }
      ],
      "passes": [],
      "failures": [],
      "pending": [],
      "skipped": [],
      "duration": 0,
      "root": true,
      "rootEmpty": true,
      "_timeout": 2000
    }
  ],
  "meta": {
    "mocha": {
      "version": "11.7.6"
    },
    "mochawesome": {
      "options": {
        "quiet": false,
        "reportFilename": "mochawesome",
        "saveHtml": true,
        "saveJson": true,
        "consoleReporter": "spec",
        "useInlineDiffs": false,
        "code": true
      },
      "version": "7.1.4"
    },
    "marge": {
      "options": null,
      "version": "6.3.2"
    }
  }
}