{
  "stats": {
    "suites": 1,
    "tests": 3,
    "passes": 3,
    "pending": 0,
    "failures": 0,
    "start": "2026-06-22T00:33:22.572Z",
    "end": "2026-06-22T00:33:22.575Z",
    "duration": 3,
    "testsRegistered": 3,
    "passPercent": 100,
    "pendingPercent": 0,
    "other": 0,
    "hasOther": false,
    "skipped": 0,
    "hasSkipped": false
  },
  "results": [
    {
      "uuid": "abeb0df2-20e2-4635-9a9b-2522459f1a68",
      "title": "",
      "fullFile": "C:\\QA\\Programacaoparatestdesoftware\\test\\gestaoDePagamentos.test.js",
      "file": "\\test\\gestaoDePagamentos.test.js",
      "beforeHooks": [],
      "afterHooks": [],
      "tests": [],
      "suites": [
        {
          "uuid": "fb8e6c3b-8b43-4dc9-b373-f90c2b76737a",
          "title": "Testes de gestao de Pagamentos",
          "fullFile": "C:\\QA\\Programacaoparatestdesoftware\\test\\gestaoDePagamentos.test.js",
          "file": "\\test\\gestaoDePagamentos.test.js",
          "beforeHooks": [],
          "afterHooks": [],
          "tests": [
            {
              "title": "Validar que o pagamento recebe a categoria cara quando o valor é  1100",
              "fullTitle": "Testes de gestao de Pagamentos Validar que o pagamento recebe a categoria cara quando o valor é  1100",
              "timedOut": false,
              "duration": 1,
              "state": "passed",
              "speed": "fast",
              "pass": true,
              "fail": false,
              "pending": false,
              "context": null,
              "code": "// Arrange\n    const categoriaEsperada = 'cara';\n    // Act\n    const pagamentoRetornado = pagar(\n        'Codigo01',\n        'empresa 01',\n        1100\n    );\n    // Assert\n    assert.equal(pagamentoRetornado.categoria,categoriaEsperada);",
              "err": {},
              "uuid": "4697473d-2877-42bb-8758-f582a172964e",
              "parentUUID": "fb8e6c3b-8b43-4dc9-b373-f90c2b76737a",
              "isHook": false,
              "skipped": false
            },
            {
              "title": "Validar que o pagamento recebe a categoria padrao quando o valor do pagamento eh 80",
              "fullTitle": "Testes de gestao de Pagamentos Validar que o pagamento recebe a categoria padrao quando o valor do pagamento eh 80",
              "timedOut": false,
              "duration": 0,
              "state": "passed",
              "speed": "fast",
              "pass": true,
              "fail": false,
              "pending": false,
              "context": null,
              "code": "// Arrange\n    const categoriaEsperada = 'padrão';\n    // Act\n    const pagamentoRetornado = pagar(\n        'Codigo02',\n        'empresa 02',\n        80\n    );\n    // Assert\n    assert.equal(pagamentoRetornado.categoria,categoriaEsperada);",
              "err": {},
              "uuid": "d983d6ff-58ef-466d-b239-aca2331a6860",
              "parentUUID": "fb8e6c3b-8b43-4dc9-b373-f90c2b76737a",
              "isHook": false,
              "skipped": false
            },
            {
              "title": "Deve retornar o último pagamento realizado",
              "fullTitle": "Testes de gestao de Pagamentos Deve retornar o último pagamento realizado",
              "timedOut": false,
              "duration": 1,
              "state": "passed",
              "speed": "fast",
              "pass": true,
              "fail": false,
              "pending": false,
              "context": null,
              "code": "// Arrange\n        pagar('Codigo03', 'Empresa 3', 200);\n        // Act\n        const ultimoPagamento = consultarUltimoPagamento();\n        // Assert\n        assert.deepEqual(\n            ultimoPagamento,\n            {\n                codigoBarras: 'Codigo03',\n                empresa: 'Empresa 3',\n                valor: 200,\n                categoria: 'cara'\n            }\n        );",
              "err": {},
              "uuid": "9356aa69-f554-4b21-b266-307d11a3da29",
              "parentUUID": "fb8e6c3b-8b43-4dc9-b373-f90c2b76737a",
              "isHook": false,
              "skipped": false
            }
          ],
          "suites": [],
          "passes": [
            "4697473d-2877-42bb-8758-f582a172964e",
            "d983d6ff-58ef-466d-b239-aca2331a6860",
            "9356aa69-f554-4b21-b266-307d11a3da29"
          ],
          "failures": [],
          "pending": [],
          "skipped": [],
          "duration": 2,
          "root": false,
          "rootEmpty": false,
          "_timeout": 2000
        }
      ],
      "passes": [],
      "failures": [],
      "pending": [],
      "skipped": [],
      "duration": 0,
      "root": true,
      "rootEmpty": true,
      "_timeout": 2000
    }
  ],
  "meta": {
    "mocha": {
      "version": "11.7.6"
    },
    "mochawesome": {
      "options": {
        "quiet": false,
        "reportFilename": "mochawesome",
        "saveHtml": true,
        "saveJson": true,
        "consoleReporter": "spec",
        "useInlineDiffs": false,
        "code": true
      },
      "version": "7.1.4"
    },
    "marge": {
      "options": null,
      "version": "6.3.2"
    }
  }
}